Determining if the pthread_create exist failed with the following output:
Change Dir: /home/arthurxiang/codes/git/rpg_svo/svo/cmake-build-relwithdebinfo/CMakeFiles/CMakeTmp

Run Build Command:"/usr/bin/make" "cmTC_e8356/fast"
/usr/bin/make -f CMakeFiles/cmTC_e8356.dir/build.make CMakeFiles/cmTC_e8356.dir/build
make[1]: Entering directory '/home/arthurxiang/codes/git/rpg_svo/svo/cmake-build-relwithdebinfo/CMakeFiles/CMakeTmp'
Building C object CMakeFiles/cmTC_e8356.dir/CheckSymbolExists.c.o
/usr/bin/cc   -fPIC    -o CMakeFiles/cmTC_e8356.dir/CheckSymbolExists.c.o   -c /home/arthurxiang/codes/git/rpg_svo/svo/cmake-build-relwithdebinfo/CMakeFiles/CMakeTmp/CheckSymbolExists.c
Linking C executable cmTC_e8356
/home/arthurxiang/software/clion/bin/cmake/bin/cmake -E cmake_link_script CMakeFiles/cmTC_e8356.dir/link.txt --verbose=1
/usr/bin/cc -fPIC     -rdynamic CMakeFiles/cmTC_e8356.dir/CheckSymbolExists.c.o  -o cmTC_e8356 
CMakeFiles/cmTC_e8356.dir/CheckSymbolExists.c.o: In function `main':
CheckSymbolExists.c:(.text+0x1b): undefined reference to `pthread_create'
collect2: error: ld returned 1 exit status
CMakeFiles/cmTC_e8356.dir/build.make:97: recipe for target 'cmTC_e8356' failed
make[1]: *** [cmTC_e8356] Error 1
make[1]: Leaving directory '/home/arthurxiang/codes/git/rpg_svo/svo/cmake-build-relwithdebinfo/CMakeFiles/CMakeTmp'
Makefile:126: recipe for target 'cmTC_e8356/fast' failed
make: *** [cmTC_e8356/fast] Error 2

File /home/arthurxiang/codes/git/rpg_svo/svo/cmake-build-relwithdebinfo/CMakeFiles/CMakeTmp/CheckSymbolExists.c:
/* */
#include <pthread.h>

int main(int argc, char** argv)
{
  (void)argv;
#ifndef pthread_create
  return ((int*)(&pthread_create))[argc];
#else
  (void)argc;
  return 0;
#endif
}

Determining if the function pthread_create exists in the pthreads failed with the following output:
Change Dir: /home/arthurxiang/codes/git/rpg_svo/svo/cmake-build-relwithdebinfo/CMakeFiles/CMakeTmp

Run Build Command:"/usr/bin/make" "cmTC_23b57/fast"
/usr/bin/make -f CMakeFiles/cmTC_23b57.dir/build.make CMakeFiles/cmTC_23b57.dir/build
make[1]: Entering directory '/home/arthurxiang/codes/git/rpg_svo/svo/cmake-build-relwithdebinfo/CMakeFiles/CMakeTmp'
Building C object CMakeFiles/cmTC_23b57.dir/CheckFunctionExists.c.o
/usr/bin/cc   -fPIC -DCHECK_FUNCTION_EXISTS=pthread_create   -o CMakeFiles/cmTC_23b57.dir/CheckFunctionExists.c.o   -c /home/arthurxiang/software/clion/bin/cmake/share/cmake-3.10/Modules/CheckFunctionExists.c
Linking C executable cmTC_23b57
/home/arthurxiang/software/clion/bin/cmake/bin/cmake -E cmake_link_script CMakeFiles/cmTC_23b57.dir/link.txt --verbose=1
/usr/bin/cc -fPIC -DCHECK_FUNCTION_EXISTS=pthread_create    -rdynamic CMakeFiles/cmTC_23b57.dir/CheckFunctionExists.c.o  -o cmTC_23b57 -lpthreads 
/usr/bin/ld: cannot find -lpthreads
collect2: error: ld returned 1 exit status
CMakeFiles/cmTC_23b57.dir/build.make:97: recipe for target 'cmTC_23b57' failed
make[1]: *** [cmTC_23b57] Error 1
make[1]: Leaving directory '/home/arthurxiang/codes/git/rpg_svo/svo/cmake-build-relwithdebinfo/CMakeFiles/CMakeTmp'
Makefile:126: recipe for target 'cmTC_23b57/fast' failed
make: *** [cmTC_23b57/fast] Error 2


