Determining if the pthread_create exist failed with the following output:
Change Dir: /home/arthurxiang/codes/git/rpg_svo/svo/cmake-build-minsizerel/CMakeFiles/CMakeTmp

Run Build Command:"/usr/bin/make" "cmTC_91c46/fast"
/usr/bin/make -f CMakeFiles/cmTC_91c46.dir/build.make CMakeFiles/cmTC_91c46.dir/build
make[1]: Entering directory '/home/arthurxiang/codes/git/rpg_svo/svo/cmake-build-minsizerel/CMakeFiles/CMakeTmp'
Building C object CMakeFiles/cmTC_91c46.dir/CheckSymbolExists.c.o
/usr/bin/cc   -fPIC    -o CMakeFiles/cmTC_91c46.dir/CheckSymbolExists.c.o   -c /home/arthurxiang/codes/git/rpg_svo/svo/cmake-build-minsizerel/CMakeFiles/CMakeTmp/CheckSymbolExists.c
Linking C executable cmTC_91c46
/home/arthurxiang/software/clion/bin/cmake/bin/cmake -E cmake_link_script CMakeFiles/cmTC_91c46.dir/link.txt --verbose=1
/usr/bin/cc -fPIC     -rdynamic CMakeFiles/cmTC_91c46.dir/CheckSymbolExists.c.o  -o cmTC_91c46 
CMakeFiles/cmTC_91c46.dir/CheckSymbolExists.c.o: In function `main':
CheckSymbolExists.c:(.text+0x1b): undefined reference to `pthread_create'
collect2: error: ld returned 1 exit status
CMakeFiles/cmTC_91c46.dir/build.make:97: recipe for target 'cmTC_91c46' failed
make[1]: *** [cmTC_91c46] Error 1
make[1]: Leaving directory '/home/arthurxiang/codes/git/rpg_svo/svo/cmake-build-minsizerel/CMakeFiles/CMakeTmp'
Makefile:126: recipe for target 'cmTC_91c46/fast' failed
make: *** [cmTC_91c46/fast] Error 2

File /home/arthurxiang/codes/git/rpg_svo/svo/cmake-build-minsizerel/CMakeFiles/CMakeTmp/CheckSymbolExists.c:
/* */
#include <pthread.h>

int main(int argc, char** argv)
{
  (void)argv;
#ifndef pthread_create
  return ((int*)(&pthread_create))[argc];
#else
  (void)argc;
  return 0;
#endif
}

Determining if the function pthread_create exists in the pthreads failed with the following output:
Change Dir: /home/arthurxiang/codes/git/rpg_svo/svo/cmake-build-minsizerel/CMakeFiles/CMakeTmp

Run Build Command:"/usr/bin/make" "cmTC_39f69/fast"
/usr/bin/make -f CMakeFiles/cmTC_39f69.dir/build.make CMakeFiles/cmTC_39f69.dir/build
make[1]: Entering directory '/home/arthurxiang/codes/git/rpg_svo/svo/cmake-build-minsizerel/CMakeFiles/CMakeTmp'
Building C object CMakeFiles/cmTC_39f69.dir/CheckFunctionExists.c.o
/usr/bin/cc   -fPIC -DCHECK_FUNCTION_EXISTS=pthread_create   -o CMakeFiles/cmTC_39f69.dir/CheckFunctionExists.c.o   -c /home/arthurxiang/software/clion/bin/cmake/share/cmake-3.10/Modules/CheckFunctionExists.c
Linking C executable cmTC_39f69
/home/arthurxiang/software/clion/bin/cmake/bin/cmake -E cmake_link_script CMakeFiles/cmTC_39f69.dir/link.txt --verbose=1
/usr/bin/cc -fPIC -DCHECK_FUNCTION_EXISTS=pthread_create    -rdynamic CMakeFiles/cmTC_39f69.dir/CheckFunctionExists.c.o  -o cmTC_39f69 -lpthreads 
/usr/bin/ld: cannot find -lpthreads
collect2: error: ld returned 1 exit status
CMakeFiles/cmTC_39f69.dir/build.make:97: recipe for target 'cmTC_39f69' failed
make[1]: *** [cmTC_39f69] Error 1
make[1]: Leaving directory '/home/arthurxiang/codes/git/rpg_svo/svo/cmake-build-minsizerel/CMakeFiles/CMakeTmp'
Makefile:126: recipe for target 'cmTC_39f69/fast' failed
make: *** [cmTC_39f69/fast] Error 2


