Determining if the pthread_create exist failed with the following output:
Change Dir: /home/arthurxiang/codes/git/rpg_svo/svo/build/CMakeFiles/CMakeTmp

Run Build Command:"/usr/bin/make" "cmTC_b4a3c/fast"
/usr/bin/make -f CMakeFiles/cmTC_b4a3c.dir/build.make CMakeFiles/cmTC_b4a3c.dir/build
make[1]: Entering directory '/home/arthurxiang/codes/git/rpg_svo/svo/build/CMakeFiles/CMakeTmp'
Building C object CMakeFiles/cmTC_b4a3c.dir/CheckSymbolExists.c.o
/usr/bin/cc    -fPIC    -o CMakeFiles/cmTC_b4a3c.dir/CheckSymbolExists.c.o   -c /home/arthurxiang/codes/git/rpg_svo/svo/build/CMakeFiles/CMakeTmp/CheckSymbolExists.c
Linking C executable cmTC_b4a3c
/usr/bin/cmake -E cmake_link_script CMakeFiles/cmTC_b4a3c.dir/link.txt --verbose=1
/usr/bin/cc  -fPIC     CMakeFiles/cmTC_b4a3c.dir/CheckSymbolExists.c.o  -o cmTC_b4a3c -rdynamic 
CMakeFiles/cmTC_b4a3c.dir/CheckSymbolExists.c.o: In function `main':
CheckSymbolExists.c:(.text+0x1b): undefined reference to `pthread_create'
collect2: error: ld returned 1 exit status
CMakeFiles/cmTC_b4a3c.dir/build.make:97: recipe for target 'cmTC_b4a3c' failed
make[1]: *** [cmTC_b4a3c] Error 1
make[1]: Leaving directory '/home/arthurxiang/codes/git/rpg_svo/svo/build/CMakeFiles/CMakeTmp'
Makefile:126: recipe for target 'cmTC_b4a3c/fast' failed
make: *** [cmTC_b4a3c/fast] Error 2

File /home/arthurxiang/codes/git/rpg_svo/svo/build/CMakeFiles/CMakeTmp/CheckSymbolExists.c:
/* */
#include <pthread.h>

int main(int argc, char** argv)
{
  (void)argv;
#ifndef pthread_create
  return ((int*)(&pthread_create))[argc];
#else
  (void)argc;
  return 0;
#endif
}

Determining if the function pthread_create exists in the pthreads failed with the following output:
Change Dir: /home/arthurxiang/codes/git/rpg_svo/svo/build/CMakeFiles/CMakeTmp

Run Build Command:"/usr/bin/make" "cmTC_47352/fast"
/usr/bin/make -f CMakeFiles/cmTC_47352.dir/build.make CMakeFiles/cmTC_47352.dir/build
make[1]: Entering directory '/home/arthurxiang/codes/git/rpg_svo/svo/build/CMakeFiles/CMakeTmp'
Building C object CMakeFiles/cmTC_47352.dir/CheckFunctionExists.c.o
/usr/bin/cc    -fPIC -DCHECK_FUNCTION_EXISTS=pthread_create   -o CMakeFiles/cmTC_47352.dir/CheckFunctionExists.c.o   -c /usr/share/cmake-3.5/Modules/CheckFunctionExists.c
Linking C executable cmTC_47352
/usr/bin/cmake -E cmake_link_script CMakeFiles/cmTC_47352.dir/link.txt --verbose=1
/usr/bin/cc  -fPIC -DCHECK_FUNCTION_EXISTS=pthread_create    CMakeFiles/cmTC_47352.dir/CheckFunctionExists.c.o  -o cmTC_47352 -rdynamic -lpthreads 
/usr/bin/ld: cannot find -lpthreads
collect2: error: ld returned 1 exit status
CMakeFiles/cmTC_47352.dir/build.make:97: recipe for target 'cmTC_47352' failed
make[1]: *** [cmTC_47352] Error 1
make[1]: Leaving directory '/home/arthurxiang/codes/git/rpg_svo/svo/build/CMakeFiles/CMakeTmp'
Makefile:126: recipe for target 'cmTC_47352/fast' failed
make: *** [cmTC_47352/fast] Error 2


Determining if the pthread_create exist failed with the following output:
Change Dir: /home/arthurxiang/codes/git/rpg_svo/svo/build/CMakeFiles/CMakeTmp

Run Build Command:"/usr/bin/make" "cmTC_79044/fast"
/usr/bin/make -f CMakeFiles/cmTC_79044.dir/build.make CMakeFiles/cmTC_79044.dir/build
make[1]: Entering directory '/home/arthurxiang/codes/git/rpg_svo/svo/build/CMakeFiles/CMakeTmp'
Building C object CMakeFiles/cmTC_79044.dir/CheckSymbolExists.c.o
/usr/bin/cc    -fPIC    -o CMakeFiles/cmTC_79044.dir/CheckSymbolExists.c.o   -c /home/arthurxiang/codes/git/rpg_svo/svo/build/CMakeFiles/CMakeTmp/CheckSymbolExists.c
Linking C executable cmTC_79044
/usr/bin/cmake -E cmake_link_script CMakeFiles/cmTC_79044.dir/link.txt --verbose=1
/usr/bin/cc  -fPIC     CMakeFiles/cmTC_79044.dir/CheckSymbolExists.c.o  -o cmTC_79044 -rdynamic 
CMakeFiles/cmTC_79044.dir/CheckSymbolExists.c.o: In function `main':
CheckSymbolExists.c:(.text+0x1b): undefined reference to `pthread_create'
collect2: error: ld returned 1 exit status
CMakeFiles/cmTC_79044.dir/build.make:97: recipe for target 'cmTC_79044' failed
make[1]: *** [cmTC_79044] Error 1
make[1]: Leaving directory '/home/arthurxiang/codes/git/rpg_svo/svo/build/CMakeFiles/CMakeTmp'
Makefile:126: recipe for target 'cmTC_79044/fast' failed
make: *** [cmTC_79044/fast] Error 2

File /home/arthurxiang/codes/git/rpg_svo/svo/build/CMakeFiles/CMakeTmp/CheckSymbolExists.c:
/* */
#include <pthread.h>

int main(int argc, char** argv)
{
  (void)argv;
#ifndef pthread_create
  return ((int*)(&pthread_create))[argc];
#else
  (void)argc;
  return 0;
#endif
}

Determining if the function pthread_create exists in the pthreads failed with the following output:
Change Dir: /home/arthurxiang/codes/git/rpg_svo/svo/build/CMakeFiles/CMakeTmp

Run Build Command:"/usr/bin/make" "cmTC_3c1d0/fast"
/usr/bin/make -f CMakeFiles/cmTC_3c1d0.dir/build.make CMakeFiles/cmTC_3c1d0.dir/build
make[1]: Entering directory '/home/arthurxiang/codes/git/rpg_svo/svo/build/CMakeFiles/CMakeTmp'
Building C object CMakeFiles/cmTC_3c1d0.dir/CheckFunctionExists.c.o
/usr/bin/cc    -fPIC -DCHECK_FUNCTION_EXISTS=pthread_create   -o CMakeFiles/cmTC_3c1d0.dir/CheckFunctionExists.c.o   -c /usr/share/cmake-3.5/Modules/CheckFunctionExists.c
Linking C executable cmTC_3c1d0
/usr/bin/cmake -E cmake_link_script CMakeFiles/cmTC_3c1d0.dir/link.txt --verbose=1
/usr/bin/cc  -fPIC -DCHECK_FUNCTION_EXISTS=pthread_create    CMakeFiles/cmTC_3c1d0.dir/CheckFunctionExists.c.o  -o cmTC_3c1d0 -rdynamic -lpthreads 
/usr/bin/ld: cannot find -lpthreads
collect2: error: ld returned 1 exit status
CMakeFiles/cmTC_3c1d0.dir/build.make:97: recipe for target 'cmTC_3c1d0' failed
make[1]: *** [cmTC_3c1d0] Error 1
make[1]: Leaving directory '/home/arthurxiang/codes/git/rpg_svo/svo/build/CMakeFiles/CMakeTmp'
Makefile:126: recipe for target 'cmTC_3c1d0/fast' failed
make: *** [cmTC_3c1d0/fast] Error 2


